<?xml version="1.0" encoding="UTF-8"?>
<!-- Generated by org.testng.reporters.JUnitReportReporter -->
<testsuite skipped="0" hostname="DESKTOP-GIKC92M" name="org.base.sample" tests="2" failures="0" timestamp="14 Sep 2023 12:24:20 GMT" time="35.549" errors="0">
  <testcase name="Browser" time="17.918" classname="org.base.sample"/>
  <testcase name="Browser" time="17.631" classname="org.base.sample"/>
</testsuite> <!-- org.base.sample -->
